#
# There is insufficient memory for the Java Runtime Environment to continue.
# Native memory allocation (mmap) failed to map 716177408 bytes for committing reserved memory.
# Possible reasons:
#   The system is out of physical RAM or swap space
#   In 32 bit mode, the process size limit was hit
# Possible solutions:
#   Reduce memory load on the system
#   Increase physical memory or swap space
#   Check if swap backing store is full
#   Use 64 bit Java on a 64 bit OS
#   Decrease Java heap size (-Xmx/-Xms)
#   Decrease number of Java threads
#   Decrease Java thread stack sizes (-Xss)
#   Set larger code cache with -XX:ReservedCodeCacheSize=
# This output file may be truncated or incomplete.
#
#  Out of Memory Error (os_linux.cpp:2643), pid=32401, tid=0x00007fbe7cef4700
#
# JRE version:  (8.0_144-b01) (build )
# Java VM: OpenJDK 64-Bit Server VM (25.144-b01 mixed mode linux-amd64 compressed oops)
# Failed to write core dump. Core dumps have been disabled. To enable core dumping, try "ulimit -c unlimited" before starting Java again
#

---------------  T H R E A D  ---------------

Current thread (0x00007fbe7400a800):  JavaThread "Unknown thread" [_thread_in_vm, id=32402, stack(0x00007fbe7cdf4000,0x00007fbe7cef5000)]

Stack: [0x00007fbe7cdf4000,0x00007fbe7cef5000],  sp=0x00007fbe7cef35a0,  free space=1021k
Native frames: (J=compiled Java code, j=interpreted, Vv=VM code, C=native code)
V  [libjvm.so+0xaa6172]
V  [libjvm.so+0x4d6d67]
V  [libjvm.so+0x8e2730]
V  [libjvm.so+0x8dcd9e]
V  [libjvm.so+0x95cc06]
V  [libjvm.so+0x94cf3c]
V  [libjvm.so+0x2b29be]
V  [libjvm.so+0x909ea1]
V  [libjvm.so+0xa688fa]
V  [libjvm.so+0xa68be5]
V  [libjvm.so+0x6221cf]
V  [libjvm.so+0xa4c24b]
V  [libjvm.so+0x6a48e1]  JNI_CreateJavaVM+0x61
C  [libjli.so+0x2ce3]
C  [libjli.so+0x76ed]
C  [libpthread.so.0+0x77fc]  start_thread+0xdc


---------------  P R O C E S S  ---------------

Java Threads: ( => current thread )

Other Threads:

=>0x00007fbe7400a800 (exited) JavaThread "Unknown thread" [_thread_in_vm, id=32402, stack(0x00007fbe7cdf4000,0x00007fbe7cef5000)]

VM state:not at safepoint (not fully initialized)

VM Mutex/Monitor currently owned by a thread: None

GC Heap History (0 events):
No events

Deoptimization events (0 events):
No events

Internal exceptions (0 events):
No events

Events (0 events):
No events


Dynamic libraries:
eab00000-100000000 rw-p 00000000 00:00 0 
558dc68e9000-558dc68ea000 r-xp 00000000 08:01 3017973                    /usr/lib/jvm/java-8-openjdk-amd64/jre/bin/java
558dc6ae9000-558dc6aea000 r--p 00000000 08:01 3017973                    /usr/lib/jvm/java-8-openjdk-amd64/jre/bin/java
558dc6aea000-558dc6aeb000 rw-p 00001000 08:01 3017973                    /usr/lib/jvm/java-8-openjdk-amd64/jre/bin/java
558dc8a20000-558dc8a41000 rw-p 00000000 00:00 0                          [heap]
7fbe6c000000-7fbe6c270000 rwxp 00000000 00:00 0 
7fbe6c270000-7fbe74000000 ---p 00000000 00:00 0 
7fbe74000000-7fbe74031000 rw-p 00000000 00:00 0 
7fbe74031000-7fbe78000000 ---p 00000000 00:00 0 
7fbe793cc000-7fbe79521000 ---p 00000000 00:00 0 
7fbe79521000-7fbe795d7000 rw-p 00000000 00:00 0 
7fbe795d7000-7fbe797cd000 ---p 00000000 00:00 0 
7fbe797cd000-7fbe797d5000 r-xp 00000000 08:01 3018025                    /usr/lib/jvm/java-8-openjdk-amd64/jre/lib/amd64/libzip.so
7fbe797d5000-7fbe799d4000 ---p 00008000 08:01 3018025                    /usr/lib/jvm/java-8-openjdk-amd64/jre/lib/amd64/libzip.so
7fbe799d4000-7fbe799d5000 r--p 00007000 08:01 3018025                    /usr/lib/jvm/java-8-openjdk-amd64/jre/lib/amd64/libzip.so
7fbe799d5000-7fbe799d6000 rw-p 00008000 08:01 3018025                    /usr/lib/jvm/java-8-openjdk-amd64/jre/lib/amd64/libzip.so
7fbe799d6000-7fbe799e1000 r-xp 00000000 08:01 2628917                    /lib/x86_64-linux-gnu/libnss_files-2.26.so
7fbe799e1000-7fbe79be0000 ---p 0000b000 08:01 2628917                    /lib/x86_64-linux-gnu/libnss_files-2.26.so
7fbe79be0000-7fbe79be1000 r--p 0000a000 08:01 2628917                    /lib/x86_64-linux-gnu/libnss_files-2.26.so
7fbe79be1000-7fbe79be2000 rw-p 0000b000 08:01 2628917                    /lib/x86_64-linux-gnu/libnss_files-2.26.so
7fbe79be2000-7fbe79be8000 rw-p 00000000 00:00 0 
7fbe79be8000-7fbe79bf3000 r-xp 00000000 08:01 2628919                    /lib/x86_64-linux-gnu/libnss_nis-2.26.so
7fbe79bf3000-7fbe79df2000 ---p 0000b000 08:01 2628919                    /lib/x86_64-linux-gnu/libnss_nis-2.26.so
7fbe79df2000-7fbe79df3000 r--p 0000a000 08:01 2628919                    /lib/x86_64-linux-gnu/libnss_nis-2.26.so
7fbe79df3000-7fbe79df4000 rw-p 0000b000 08:01 2628919                    /lib/x86_64-linux-gnu/libnss_nis-2.26.so
7fbe79df4000-7fbe79e0b000 r-xp 00000000 08:01 2628914                    /lib/x86_64-linux-gnu/libnsl-2.26.so
7fbe79e0b000-7fbe7a00a000 ---p 00017000 08:01 2628914                    /lib/x86_64-linux-gnu/libnsl-2.26.so
7fbe7a00a000-7fbe7a00b000 r--p 00016000 08:01 2628914                    /lib/x86_64-linux-gnu/libnsl-2.26.so
7fbe7a00b000-7fbe7a00c000 rw-p 00017000 08:01 2628914                    /lib/x86_64-linux-gnu/libnsl-2.26.so
7fbe7a00c000-7fbe7a00e000 rw-p 00000000 00:00 0 
7fbe7a00e000-7fbe7a016000 r-xp 00000000 08:01 2628915                    /lib/x86_64-linux-gnu/libnss_compat-2.26.so
7fbe7a016000-7fbe7a215000 ---p 00008000 08:01 2628915                    /lib/x86_64-linux-gnu/libnss_compat-2.26.so
7fbe7a215000-7fbe7a216000 r--p 00007000 08:01 2628915                    /lib/x86_64-linux-gnu/libnss_compat-2.26.so
7fbe7a216000-7fbe7a217000 rw-p 00008000 08:01 2628915                    /lib/x86_64-linux-gnu/libnss_compat-2.26.so
7fbe7a217000-7fbe7a244000 r-xp 00000000 08:01 3018002                    /usr/lib/jvm/java-8-openjdk-amd64/jre/lib/amd64/libjava.so
7fbe7a244000-7fbe7a444000 ---p 0002d000 08:01 3018002                    /usr/lib/jvm/java-8-openjdk-amd64/jre/lib/amd64/libjava.so
7fbe7a444000-7fbe7a445000 r--p 0002d000 08:01 3018002                    /usr/lib/jvm/java-8-openjdk-amd64/jre/lib/amd64/libjava.so
7fbe7a445000-7fbe7a447000 rw-p 0002e000 08:01 3018002                    /usr/lib/jvm/java-8-openjdk-amd64/jre/lib/amd64/libjava.so
7fbe7a447000-7fbe7a457000 r-xp 00000000 08:01 3018024                    /usr/lib/jvm/java-8-openjdk-amd64/jre/lib/amd64/libverify.so
7fbe7a457000-7fbe7a656000 ---p 00010000 08:01 3018024                    /usr/lib/jvm/java-8-openjdk-amd64/jre/lib/amd64/libverify.so
7fbe7a656000-7fbe7a658000 r--p 0000f000 08:01 3018024                    /usr/lib/jvm/java-8-openjdk-amd64/jre/lib/amd64/libverify.so
7fbe7a658000-7fbe7a659000 rw-p 00011000 08:01 3018024                    /usr/lib/jvm/java-8-openjdk-amd64/jre/lib/amd64/libverify.so
7fbe7a659000-7fbe7a660000 r-xp 00000000 08:01 2628924                    /lib/x86_64-linux-gnu/librt-2.26.so
7fbe7a660000-7fbe7a85f000 ---p 00007000 08:01 2628924                    /lib/x86_64-linux-gnu/librt-2.26.so
7fbe7a85f000-7fbe7a860000 r--p 00006000 08:01 2628924                    /lib/x86_64-linux-gnu/librt-2.26.so
7fbe7a860000-7fbe7a861000 rw-p 00007000 08:01 2628924                    /lib/x86_64-linux-gnu/librt-2.26.so
7fbe7a861000-7fbe7a877000 r-xp 00000000 08:01 2621533                    /lib/x86_64-linux-gnu/libgcc_s.so.1
7fbe7a877000-7fbe7aa76000 ---p 00016000 08:01 2621533                    /lib/x86_64-linux-gnu/libgcc_s.so.1
7fbe7aa76000-7fbe7aa77000 r--p 00015000 08:01 2621533                    /lib/x86_64-linux-gnu/libgcc_s.so.1
7fbe7aa77000-7fbe7aa78000 rw-p 00016000 08:01 2621533                    /lib/x86_64-linux-gnu/libgcc_s.so.1
7fbe7aa78000-7fbe7abcd000 r-xp 00000000 08:01 2628911                    /lib/x86_64-linux-gnu/libm-2.26.so
7fbe7abcd000-7fbe7adcc000 ---p 00155000 08:01 2628911                    /lib/x86_64-linux-gnu/libm-2.26.so
7fbe7adcc000-7fbe7adcd000 r--p 00154000 08:01 2628911                    /lib/x86_64-linux-gnu/libm-2.26.so
7fbe7adcd000-7fbe7adce000 rw-p 00155000 08:01 2628911                    /lib/x86_64-linux-gnu/libm-2.26.so
7fbe7adce000-7fbe7af46000 r-xp 00000000 08:01 3015429                    /usr/lib/x86_64-linux-gnu/libstdc++.so.6.0.24
7fbe7af46000-7fbe7b145000 ---p 00178000 08:01 3015429                    /usr/lib/x86_64-linux-gnu/libstdc++.so.6.0.24
7fbe7b145000-7fbe7b14f000 r--p 00177000 08:01 3015429                    /usr/lib/x86_64-linux-gnu/libstdc++.so.6.0.24
7fbe7b14f000-7fbe7b151000 rw-p 00181000 08:01 3015429                    /usr/lib/x86_64-linux-gnu/libstdc++.so.6.0.24
7fbe7b151000-7fbe7b154000 rw-p 00000000 00:00 0 
7fbe7b154000-7fbe7bdde000 r-xp 00000000 08:01 3018027                    /usr/lib/jvm/java-8-openjdk-amd64/jre/lib/amd64/server/libjvm.so
7fbe7bdde000-7fbe7bfde000 ---p 00c8a000 08:01 3018027                    /usr/lib/jvm/java-8-openjdk-amd64/jre/lib/amd64/server/libjvm.so
7fbe7bfde000-7fbe7c071000 r--p 00c8a000 08:01 3018027                    /usr/lib/jvm/java-8-openjdk-amd64/jre/lib/amd64/server/libjvm.so
7fbe7c071000-7fbe7c099000 rw-p 00d1d000 08:01 3018027                    /usr/lib/jvm/java-8-openjdk-amd64/jre/lib/amd64/server/libjvm.so
7fbe7c099000-7fbe7c0ca000 rw-p 00000000 00:00 0 
7fbe7c0ca000-7fbe7c0e4000 r-xp 00000000 08:01 2628922                    /lib/x86_64-linux-gnu/libpthread-2.26.so
7fbe7c0e4000-7fbe7c2e3000 ---p 0001a000 08:01 2628922                    /lib/x86_64-linux-gnu/libpthread-2.26.so
7fbe7c2e3000-7fbe7c2e4000 r--p 00019000 08:01 2628922                    /lib/x86_64-linux-gnu/libpthread-2.26.so
7fbe7c2e4000-7fbe7c2e5000 rw-p 0001a000 08:01 2628922                    /lib/x86_64-linux-gnu/libpthread-2.26.so
7fbe7c2e5000-7fbe7c2e9000 rw-p 00000000 00:00 0 
7fbe7c2e9000-7fbe7c2ec000 r-xp 00000000 08:01 2628901                    /lib/x86_64-linux-gnu/libdl-2.26.so
7fbe7c2ec000-7fbe7c4eb000 ---p 00003000 08:01 2628901                    /lib/x86_64-linux-gnu/libdl-2.26.so
7fbe7c4eb000-7fbe7c4ec000 r--p 00002000 08:01 2628901                    /lib/x86_64-linux-gnu/libdl-2.26.so
7fbe7c4ec000-7fbe7c4ed000 rw-p 00003000 08:01 2628901                    /lib/x86_64-linux-gnu/libdl-2.26.so
7fbe7c4ed000-7fbe7c509000 r-xp 00000000 08:01 2628928                    /lib/x86_64-linux-gnu/libz.so.1.2.11
7fbe7c509000-7fbe7c708000 ---p 0001c000 08:01 2628928                    /lib/x86_64-linux-gnu/libz.so.1.2.11
7fbe7c708000-7fbe7c709000 r--p 0001b000 08:01 2628928                    /lib/x86_64-linux-gnu/libz.so.1.2.11
7fbe7c709000-7fbe7c70a000 rw-p 0001c000 08:01 2628928                    /lib/x86_64-linux-gnu/libz.so.1.2.11
7fbe7c70a000-7fbe7c8e0000 r-xp 00000000 08:01 2628898                    /lib/x86_64-linux-gnu/libc-2.26.so
7fbe7c8e0000-7fbe7cae0000 ---p 001d6000 08:01 2628898                    /lib/x86_64-linux-gnu/libc-2.26.so
7fbe7cae0000-7fbe7cae4000 r--p 001d6000 08:01 2628898                    /lib/x86_64-linux-gnu/libc-2.26.so
7fbe7cae4000-7fbe7cae6000 rw-p 001da000 08:01 2628898                    /lib/x86_64-linux-gnu/libc-2.26.so
7fbe7cae6000-7fbe7caea000 rw-p 00000000 00:00 0 
7fbe7caea000-7fbe7caf8000 r-xp 00000000 08:01 3017986                    /usr/lib/jvm/java-8-openjdk-amd64/jre/lib/amd64/jli/libjli.so
7fbe7caf8000-7fbe7ccf7000 ---p 0000e000 08:01 3017986                    /usr/lib/jvm/java-8-openjdk-amd64/jre/lib/amd64/jli/libjli.so
7fbe7ccf7000-7fbe7ccf8000 r--p 0000d000 08:01 3017986                    /usr/lib/jvm/java-8-openjdk-amd64/jre/lib/amd64/jli/libjli.so
7fbe7ccf8000-7fbe7ccf9000 rw-p 0000e000 08:01 3017986                    /usr/lib/jvm/java-8-openjdk-amd64/jre/lib/amd64/jli/libjli.so
7fbe7ccf9000-7fbe7cd20000 r-xp 00000000 08:01 2626489                    /lib/x86_64-linux-gnu/ld-2.26.so
7fbe7cdf4000-7fbe7cdf7000 ---p 00000000 00:00 0 
7fbe7cdf7000-7fbe7cefa000 rw-p 00000000 00:00 0 
7fbe7cf13000-7fbe7cf1b000 rw-s 00000000 08:01 2490499                    /tmp/hsperfdata_wdd/32401
7fbe7cf1b000-7fbe7cf1c000 rw-p 00000000 00:00 0 
7fbe7cf1c000-7fbe7cf1d000 r--p 00000000 00:00 0 
7fbe7cf1d000-7fbe7cf20000 rw-p 00000000 00:00 0 
7fbe7cf20000-7fbe7cf21000 r--p 00027000 08:01 2626489                    /lib/x86_64-linux-gnu/ld-2.26.so
7fbe7cf21000-7fbe7cf22000 rw-p 00028000 08:01 2626489                    /lib/x86_64-linux-gnu/ld-2.26.so
7fbe7cf22000-7fbe7cf23000 rw-p 00000000 00:00 0 
7ffc7a292000-7ffc7a2b3000 rw-p 00000000 00:00 0                          [stack]
7ffc7a2f8000-7ffc7a2fb000 r--p 00000000 00:00 0                          [vvar]
7ffc7a2fb000-7ffc7a2fd000 r-xp 00000000 00:00 0                          [vdso]
ffffffffff600000-ffffffffff601000 r-xp 00000000 00:00 0                  [vsyscall]

VM Arguments:
jvm_args: -Xms1024m -Xmx1024m -XX:ReservedCodeCacheSize=128m -XX:MaxMetaspaceSize=256m 
java_command: /usr/share/sbt/bin/sbt-launch.jar
java_class_path (initial): /usr/share/sbt/bin/sbt-launch.jar
Launcher Type: SUN_STANDARD

Environment Variables:
PATH=/usr/local/sbin:/usr/local/bin:/usr/sbin:/usr/bin:/sbin:/bin:/usr/games:/usr/local/games:/snap/bin
SHELL=/bin/bash
DISPLAY=:0.0

Signal Handlers:
SIGSEGV: [libjvm.so+0xaa6ab0], sa_mask[0]=11111111011111111101111111111110, sa_flags=SA_RESTART|SA_SIGINFO
SIGBUS: [libjvm.so+0xaa6ab0], sa_mask[0]=11111111011111111101111111111110, sa_flags=SA_RESTART|SA_SIGINFO
SIGFPE: [libjvm.so+0x8dded0], sa_mask[0]=11111111011111111101111111111110, sa_flags=SA_RESTART|SA_SIGINFO
SIGPIPE: [libjvm.so+0x8dded0], sa_mask[0]=11111111011111111101111111111110, sa_flags=SA_RESTART|SA_SIGINFO
SIGXFSZ: [libjvm.so+0x8dded0], sa_mask[0]=11111111011111111101111111111110, sa_flags=SA_RESTART|SA_SIGINFO
SIGILL: [libjvm.so+0x8dded0], sa_mask[0]=11111111011111111101111111111110, sa_flags=SA_RESTART|SA_SIGINFO
SIGUSR1: SIG_DFL, sa_mask[0]=00000000000000000000000000000000, sa_flags=none
SIGUSR2: [libjvm.so+0x8ddd80], sa_mask[0]=00000000000000000000000000000000, sa_flags=SA_RESTART|SA_SIGINFO
SIGHUP: SIG_DFL, sa_mask[0]=00000000000000000000000000000000, sa_flags=none
SIGINT: SIG_DFL, sa_mask[0]=00000000000000000000000000000000, sa_flags=none
SIGTERM: SIG_DFL, sa_mask[0]=00000000000000000000000000000000, sa_flags=none
SIGQUIT: SIG_DFL, sa_mask[0]=00000000000000000000000000000000, sa_flags=none


---------------  S Y S T E M  ---------------

OS:DISTRIB_ID=Ubuntu
DISTRIB_RELEASE=17.10
DISTRIB_CODENAME=artful
DISTRIB_DESCRIPTION="Ubuntu 17.10"

uname:Linux 4.13.0-16-generic #19-Ubuntu SMP Wed Oct 11 18:35:14 UTC 2017 x86_64
libc:glibc 2.26 NPTL 2.26 
rlimit: STACK 8192k, CORE 0k, NPROC 15582, NOFILE 1048576, AS infinity
load average:0.58 0.48 0.83

/proc/meminfo:
MemTotal:        4042936 kB
MemFree:          119200 kB
MemAvailable:     204636 kB
Buffers:            7988 kB
Cached:           254776 kB
SwapCached:        50252 kB
Active:          3033660 kB
Inactive:         734372 kB
Active(anon):    2905112 kB
Inactive(anon):   588364 kB
Active(file):     128548 kB
Inactive(file):   146008 kB
Unevictable:          32 kB
Mlocked:              32 kB
SwapTotal:       2097184 kB
SwapFree:         354040 kB
Dirty:               280 kB
Writeback:             0 kB
AnonPages:       3455764 kB
Mapped:           183572 kB
Shmem:             58652 kB
Slab:              58340 kB
SReclaimable:      27832 kB
SUnreclaim:        30508 kB
KernelStack:       11420 kB
PageTables:        49092 kB
NFS_Unstable:          0 kB
Bounce:                0 kB
WritebackTmp:          0 kB
CommitLimit:     4118652 kB
Committed_AS:   11525860 kB
VmallocTotal:   34359738367 kB
VmallocUsed:           0 kB
VmallocChunk:          0 kB
HardwareCorrupted:     0 kB
AnonHugePages:         0 kB
ShmemHugePages:        0 kB
ShmemPmdMapped:        0 kB
CmaTotal:              0 kB
CmaFree:               0 kB
HugePages_Total:       0
HugePages_Free:        0
HugePages_Rsvd:        0
HugePages_Surp:        0
Hugepagesize:       2048 kB
DirectMap4k:      110528 kB
DirectMap2M:     4083712 kB


CPU:total 2 (initial active 2) (2 cores per cpu, 1 threads per core) family 6 model 58 stepping 9, cmov, cx8, fxsr, mmx, sse, sse2, sse3, ssse3, sse4.1, sse4.2, popcnt, avx, aes, clmul, tsc, tscinvbit, tscinv

/proc/cpuinfo:
processor	: 0
vendor_id	: GenuineIntel
cpu family	: 6
model		: 58
model name	: Intel(R) Core(TM) i5-3470 CPU @ 3.20GHz
stepping	: 9
microcode	: 0x19
cpu MHz		: 3192.744
cache size	: 6144 KB
physical id	: 0
siblings	: 2
core id		: 0
cpu cores	: 2
apicid		: 0
initial apicid	: 0
fpu		: yes
fpu_exception	: yes
cpuid level	: 13
wp		: yes
flags		: fpu vme de pse tsc msr pae mce cx8 apic sep mtrr pge mca cmov pat pse36 clflush mmx fxsr sse sse2 ht syscall nx rdtscp lm constant_tsc rep_good nopl xtopology nonstop_tsc cpuid pni pclmulqdq ssse3 cx16 sse4_1 sse4_2 x2apic popcnt aes xsave avx rdrand hypervisor lahf_lm
bugs		:
bogomips	: 6385.48
clflush size	: 64
cache_alignment	: 64
address sizes	: 36 bits physical, 48 bits virtual
power management:

processor	: 1
vendor_id	: GenuineIntel
cpu family	: 6
model		: 58
model name	: Intel(R) Core(TM) i5-3470 CPU @ 3.20GHz
stepping	: 9
microcode	: 0x19
cpu MHz		: 3192.744
cache size	: 6144 KB
physical id	: 0
siblings	: 2
core id		: 1
cpu cores	: 2
apicid		: 1
initial apicid	: 1
fpu		: yes
fpu_exception	: yes
cpuid level	: 13
wp		: yes
flags		: fpu vme de pse tsc msr pae mce cx8 apic sep mtrr pge mca cmov pat pse36 clflush mmx fxsr sse sse2 ht syscall nx rdtscp lm constant_tsc rep_good nopl xtopology nonstop_tsc cpuid pni pclmulqdq ssse3 cx16 sse4_1 sse4_2 x2apic popcnt aes xsave avx rdrand hypervisor lahf_lm
bugs		:
bogomips	: 6385.48
clflush size	: 64
cache_alignment	: 64
address sizes	: 36 bits physical, 48 bits virtual
power management:



Memory: 4k page, physical 4042936k(119200k free), swap 2097184k(354040k free)

vm_info: OpenJDK 64-Bit Server VM (25.144-b01) for linux-amd64 JRE (1.8.0_144-8u144-b01-2-b01), built on Sep 30 2017 00:37:14 by "buildd" with gcc 7.2.0

time: Thu Apr 19 16:12:27 2018
elapsed time: 0 seconds (0d 0h 0m 0s)

