#
# There is insufficient memory for the Java Runtime Environment to continue.
# Native memory allocation (mmap) failed to map 716177408 bytes for committing reserved memory.
# Possible reasons:
#   The system is out of physical RAM or swap space
#   In 32 bit mode, the process size limit was hit
# Possible solutions:
#   Reduce memory load on the system
#   Increase physical memory or swap space
#   Check if swap backing store is full
#   Use 64 bit Java on a 64 bit OS
#   Decrease Java heap size (-Xmx/-Xms)
#   Decrease number of Java threads
#   Decrease Java thread stack sizes (-Xss)
#   Set larger code cache with -XX:ReservedCodeCacheSize=
# This output file may be truncated or incomplete.
#
#  Out of Memory Error (os_linux.cpp:2643), pid=32738, tid=0x00007fa0f0ba6700
#
# JRE version:  (8.0_144-b01) (build )
# Java VM: OpenJDK 64-Bit Server VM (25.144-b01 mixed mode linux-amd64 compressed oops)
# Failed to write core dump. Core dumps have been disabled. To enable core dumping, try "ulimit -c unlimited" before starting Java again
#

---------------  T H R E A D  ---------------

Current thread (0x00007fa0e800a800):  JavaThread "Unknown thread" [_thread_in_vm, id=32739, stack(0x00007fa0f0aa6000,0x00007fa0f0ba7000)]

Stack: [0x00007fa0f0aa6000,0x00007fa0f0ba7000],  sp=0x00007fa0f0ba55a0,  free space=1021k
Native frames: (J=compiled Java code, j=interpreted, Vv=VM code, C=native code)
V  [libjvm.so+0xaa6172]
V  [libjvm.so+0x4d6d67]
V  [libjvm.so+0x8e2730]
V  [libjvm.so+0x8dcd9e]
V  [libjvm.so+0x95cc06]
V  [libjvm.so+0x94cf3c]
V  [libjvm.so+0x2b29be]
V  [libjvm.so+0x909ea1]
V  [libjvm.so+0xa688fa]
V  [libjvm.so+0xa68be5]
V  [libjvm.so+0x6221cf]
V  [libjvm.so+0xa4c24b]
V  [libjvm.so+0x6a48e1]  JNI_CreateJavaVM+0x61
C  [libjli.so+0x2ce3]
C  [libjli.so+0x76ed]
C  [libpthread.so.0+0x77fc]  start_thread+0xdc


---------------  P R O C E S S  ---------------

Java Threads: ( => current thread )

Other Threads:

=>0x00007fa0e800a800 (exited) JavaThread "Unknown thread" [_thread_in_vm, id=32739, stack(0x00007fa0f0aa6000,0x00007fa0f0ba7000)]

VM state:not at safepoint (not fully initialized)

VM Mutex/Monitor currently owned by a thread: None

GC Heap History (0 events):
No events

Deoptimization events (0 events):
No events

Internal exceptions (0 events):
No events

Events (0 events):
No events


Dynamic libraries:
eab00000-100000000 rw-p 00000000 00:00 0 
5652284fc000-5652284fd000 r-xp 00000000 08:01 3017973                    /usr/lib/jvm/java-8-openjdk-amd64/jre/bin/java
5652286fc000-5652286fd000 r--p 00000000 08:01 3017973                    /usr/lib/jvm/java-8-openjdk-amd64/jre/bin/java
5652286fd000-5652286fe000 rw-p 00001000 08:01 3017973                    /usr/lib/jvm/java-8-openjdk-amd64/jre/bin/java
56522a47a000-56522a49b000 rw-p 00000000 00:00 0                          [heap]
7fa0e0000000-7fa0e0270000 rwxp 00000000 00:00 0 
7fa0e0270000-7fa0e8000000 ---p 00000000 00:00 0 
7fa0e8000000-7fa0e8031000 rw-p 00000000 00:00 0 
7fa0e8031000-7fa0ec000000 ---p 00000000 00:00 0 
7fa0ed07e000-7fa0ed1d3000 ---p 00000000 00:00 0 
7fa0ed1d3000-7fa0ed289000 rw-p 00000000 00:00 0 
7fa0ed289000-7fa0ed47f000 ---p 00000000 00:00 0 
7fa0ed47f000-7fa0ed487000 r-xp 00000000 08:01 3018025                    /usr/lib/jvm/java-8-openjdk-amd64/jre/lib/amd64/libzip.so
7fa0ed487000-7fa0ed686000 ---p 00008000 08:01 3018025                    /usr/lib/jvm/java-8-openjdk-amd64/jre/lib/amd64/libzip.so
7fa0ed686000-7fa0ed687000 r--p 00007000 08:01 3018025                    /usr/lib/jvm/java-8-openjdk-amd64/jre/lib/amd64/libzip.so
7fa0ed687000-7fa0ed688000 rw-p 00008000 08:01 3018025                    /usr/lib/jvm/java-8-openjdk-amd64/jre/lib/amd64/libzip.so
7fa0ed688000-7fa0ed693000 r-xp 00000000 08:01 2628917                    /lib/x86_64-linux-gnu/libnss_files-2.26.so
7fa0ed693000-7fa0ed892000 ---p 0000b000 08:01 2628917                    /lib/x86_64-linux-gnu/libnss_files-2.26.so
7fa0ed892000-7fa0ed893000 r--p 0000a000 08:01 2628917                    /lib/x86_64-linux-gnu/libnss_files-2.26.so
7fa0ed893000-7fa0ed894000 rw-p 0000b000 08:01 2628917                    /lib/x86_64-linux-gnu/libnss_files-2.26.so
7fa0ed894000-7fa0ed89a000 rw-p 00000000 00:00 0 
7fa0ed89a000-7fa0ed8a5000 r-xp 00000000 08:01 2628919                    /lib/x86_64-linux-gnu/libnss_nis-2.26.so
7fa0ed8a5000-7fa0edaa4000 ---p 0000b000 08:01 2628919                    /lib/x86_64-linux-gnu/libnss_nis-2.26.so
7fa0edaa4000-7fa0edaa5000 r--p 0000a000 08:01 2628919                    /lib/x86_64-linux-gnu/libnss_nis-2.26.so
7fa0edaa5000-7fa0edaa6000 rw-p 0000b000 08:01 2628919                    /lib/x86_64-linux-gnu/libnss_nis-2.26.so
7fa0edaa6000-7fa0edabd000 r-xp 00000000 08:01 2628914                    /lib/x86_64-linux-gnu/libnsl-2.26.so
7fa0edabd000-7fa0edcbc000 ---p 00017000 08:01 2628914                    /lib/x86_64-linux-gnu/libnsl-2.26.so
7fa0edcbc000-7fa0edcbd000 r--p 00016000 08:01 2628914                    /lib/x86_64-linux-gnu/libnsl-2.26.so
7fa0edcbd000-7fa0edcbe000 rw-p 00017000 08:01 2628914                    /lib/x86_64-linux-gnu/libnsl-2.26.so
7fa0edcbe000-7fa0edcc0000 rw-p 00000000 00:00 0 
7fa0edcc0000-7fa0edcc8000 r-xp 00000000 08:01 2628915                    /lib/x86_64-linux-gnu/libnss_compat-2.26.so
7fa0edcc8000-7fa0edec7000 ---p 00008000 08:01 2628915                    /lib/x86_64-linux-gnu/libnss_compat-2.26.so
7fa0edec7000-7fa0edec8000 r--p 00007000 08:01 2628915                    /lib/x86_64-linux-gnu/libnss_compat-2.26.so
7fa0edec8000-7fa0edec9000 rw-p 00008000 08:01 2628915                    /lib/x86_64-linux-gnu/libnss_compat-2.26.so
7fa0edec9000-7fa0edef6000 r-xp 00000000 08:01 3018002                    /usr/lib/jvm/java-8-openjdk-amd64/jre/lib/amd64/libjava.so
7fa0edef6000-7fa0ee0f6000 ---p 0002d000 08:01 3018002                    /usr/lib/jvm/java-8-openjdk-amd64/jre/lib/amd64/libjava.so
7fa0ee0f6000-7fa0ee0f7000 r--p 0002d000 08:01 3018002                    /usr/lib/jvm/java-8-openjdk-amd64/jre/lib/amd64/libjava.so
7fa0ee0f7000-7fa0ee0f9000 rw-p 0002e000 08:01 3018002                    /usr/lib/jvm/java-8-openjdk-amd64/jre/lib/amd64/libjava.so
7fa0ee0f9000-7fa0ee109000 r-xp 00000000 08:01 3018024                    /usr/lib/jvm/java-8-openjdk-amd64/jre/lib/amd64/libverify.so
7fa0ee109000-7fa0ee308000 ---p 00010000 08:01 3018024                    /usr/lib/jvm/java-8-openjdk-amd64/jre/lib/amd64/libverify.so
7fa0ee308000-7fa0ee30a000 r--p 0000f000 08:01 3018024                    /usr/lib/jvm/java-8-openjdk-amd64/jre/lib/amd64/libverify.so
7fa0ee30a000-7fa0ee30b000 rw-p 00011000 08:01 3018024                    /usr/lib/jvm/java-8-openjdk-amd64/jre/lib/amd64/libverify.so
7fa0ee30b000-7fa0ee312000 r-xp 00000000 08:01 2628924                    /lib/x86_64-linux-gnu/librt-2.26.so
7fa0ee312000-7fa0ee511000 ---p 00007000 08:01 2628924                    /lib/x86_64-linux-gnu/librt-2.26.so
7fa0ee511000-7fa0ee512000 r--p 00006000 08:01 2628924                    /lib/x86_64-linux-gnu/librt-2.26.so
7fa0ee512000-7fa0ee513000 rw-p 00007000 08:01 2628924                    /lib/x86_64-linux-gnu/librt-2.26.so
7fa0ee513000-7fa0ee529000 r-xp 00000000 08:01 2621533                    /lib/x86_64-linux-gnu/libgcc_s.so.1
7fa0ee529000-7fa0ee728000 ---p 00016000 08:01 2621533                    /lib/x86_64-linux-gnu/libgcc_s.so.1
7fa0ee728000-7fa0ee729000 r--p 00015000 08:01 2621533                    /lib/x86_64-linux-gnu/libgcc_s.so.1
7fa0ee729000-7fa0ee72a000 rw-p 00016000 08:01 2621533                    /lib/x86_64-linux-gnu/libgcc_s.so.1
7fa0ee72a000-7fa0ee87f000 r-xp 00000000 08:01 2628911                    /lib/x86_64-linux-gnu/libm-2.26.so
7fa0ee87f000-7fa0eea7e000 ---p 00155000 08:01 2628911                    /lib/x86_64-linux-gnu/libm-2.26.so
7fa0eea7e000-7fa0eea7f000 r--p 00154000 08:01 2628911                    /lib/x86_64-linux-gnu/libm-2.26.so
7fa0eea7f000-7fa0eea80000 rw-p 00155000 08:01 2628911                    /lib/x86_64-linux-gnu/libm-2.26.so
7fa0eea80000-7fa0eebf8000 r-xp 00000000 08:01 3015429                    /usr/lib/x86_64-linux-gnu/libstdc++.so.6.0.24
7fa0eebf8000-7fa0eedf7000 ---p 00178000 08:01 3015429                    /usr/lib/x86_64-linux-gnu/libstdc++.so.6.0.24
7fa0eedf7000-7fa0eee01000 r--p 00177000 08:01 3015429                    /usr/lib/x86_64-linux-gnu/libstdc++.so.6.0.24
7fa0eee01000-7fa0eee03000 rw-p 00181000 08:01 3015429                    /usr/lib/x86_64-linux-gnu/libstdc++.so.6.0.24
7fa0eee03000-7fa0eee06000 rw-p 00000000 00:00 0 
7fa0eee06000-7fa0efa90000 r-xp 00000000 08:01 3018027                    /usr/lib/jvm/java-8-openjdk-amd64/jre/lib/amd64/server/libjvm.so
7fa0efa90000-7fa0efc90000 ---p 00c8a000 08:01 3018027                    /usr/lib/jvm/java-8-openjdk-amd64/jre/lib/amd64/server/libjvm.so
7fa0efc90000-7fa0efd23000 r--p 00c8a000 08:01 3018027                    /usr/lib/jvm/java-8-openjdk-amd64/jre/lib/amd64/server/libjvm.so
7fa0efd23000-7fa0efd4b000 rw-p 00d1d000 08:01 3018027                    /usr/lib/jvm/java-8-openjdk-amd64/jre/lib/amd64/server/libjvm.so
7fa0efd4b000-7fa0efd7c000 rw-p 00000000 00:00 0 
7fa0efd7c000-7fa0efd96000 r-xp 00000000 08:01 2628922                    /lib/x86_64-linux-gnu/libpthread-2.26.so
7fa0efd96000-7fa0eff95000 ---p 0001a000 08:01 2628922                    /lib/x86_64-linux-gnu/libpthread-2.26.so
7fa0eff95000-7fa0eff96000 r--p 00019000 08:01 2628922                    /lib/x86_64-linux-gnu/libpthread-2.26.so
7fa0eff96000-7fa0eff97000 rw-p 0001a000 08:01 2628922                    /lib/x86_64-linux-gnu/libpthread-2.26.so
7fa0eff97000-7fa0eff9b000 rw-p 00000000 00:00 0 
7fa0eff9b000-7fa0eff9e000 r-xp 00000000 08:01 2628901                    /lib/x86_64-linux-gnu/libdl-2.26.so
7fa0eff9e000-7fa0f019d000 ---p 00003000 08:01 2628901                    /lib/x86_64-linux-gnu/libdl-2.26.so
7fa0f019d000-7fa0f019e000 r--p 00002000 08:01 2628901                    /lib/x86_64-linux-gnu/libdl-2.26.so
7fa0f019e000-7fa0f019f000 rw-p 00003000 08:01 2628901                    /lib/x86_64-linux-gnu/libdl-2.26.so
7fa0f019f000-7fa0f01bb000 r-xp 00000000 08:01 2628928                    /lib/x86_64-linux-gnu/libz.so.1.2.11
7fa0f01bb000-7fa0f03ba000 ---p 0001c000 08:01 2628928                    /lib/x86_64-linux-gnu/libz.so.1.2.11
7fa0f03ba000-7fa0f03bb000 r--p 0001b000 08:01 2628928                    /lib/x86_64-linux-gnu/libz.so.1.2.11
7fa0f03bb000-7fa0f03bc000 rw-p 0001c000 08:01 2628928                    /lib/x86_64-linux-gnu/libz.so.1.2.11
7fa0f03bc000-7fa0f0592000 r-xp 00000000 08:01 2628898                    /lib/x86_64-linux-gnu/libc-2.26.so
7fa0f0592000-7fa0f0792000 ---p 001d6000 08:01 2628898                    /lib/x86_64-linux-gnu/libc-2.26.so
7fa0f0792000-7fa0f0796000 r--p 001d6000 08:01 2628898                    /lib/x86_64-linux-gnu/libc-2.26.so
7fa0f0796000-7fa0f0798000 rw-p 001da000 08:01 2628898                    /lib/x86_64-linux-gnu/libc-2.26.so
7fa0f0798000-7fa0f079c000 rw-p 00000000 00:00 0 
7fa0f079c000-7fa0f07aa000 r-xp 00000000 08:01 3017986                    /usr/lib/jvm/java-8-openjdk-amd64/jre/lib/amd64/jli/libjli.so
7fa0f07aa000-7fa0f09a9000 ---p 0000e000 08:01 3017986                    /usr/lib/jvm/java-8-openjdk-amd64/jre/lib/amd64/jli/libjli.so
7fa0f09a9000-7fa0f09aa000 r--p 0000d000 08:01 3017986                    /usr/lib/jvm/java-8-openjdk-amd64/jre/lib/amd64/jli/libjli.so
7fa0f09aa000-7fa0f09ab000 rw-p 0000e000 08:01 3017986                    /usr/lib/jvm/java-8-openjdk-amd64/jre/lib/amd64/jli/libjli.so
7fa0f09ab000-7fa0f09d2000 r-xp 00000000 08:01 2626489                    /lib/x86_64-linux-gnu/ld-2.26.so
7fa0f0aa6000-7fa0f0aa9000 ---p 00000000 00:00 0 
7fa0f0aa9000-7fa0f0bac000 rw-p 00000000 00:00 0 
7fa0f0bc5000-7fa0f0bcd000 rw-s 00000000 08:01 2490499                    /tmp/hsperfdata_wdd/32738
7fa0f0bcd000-7fa0f0bce000 rw-p 00000000 00:00 0 
7fa0f0bce000-7fa0f0bcf000 r--p 00000000 00:00 0 
7fa0f0bcf000-7fa0f0bd2000 rw-p 00000000 00:00 0 
7fa0f0bd2000-7fa0f0bd3000 r--p 00027000 08:01 2626489                    /lib/x86_64-linux-gnu/ld-2.26.so
7fa0f0bd3000-7fa0f0bd4000 rw-p 00028000 08:01 2626489                    /lib/x86_64-linux-gnu/ld-2.26.so
7fa0f0bd4000-7fa0f0bd5000 rw-p 00000000 00:00 0 
7ffd9c091000-7ffd9c0b2000 rw-p 00000000 00:00 0                          [stack]
7ffd9c14e000-7ffd9c151000 r--p 00000000 00:00 0                          [vvar]
7ffd9c151000-7ffd9c153000 r-xp 00000000 00:00 0                          [vdso]
ffffffffff600000-ffffffffff601000 r-xp 00000000 00:00 0                  [vsyscall]

VM Arguments:
jvm_args: -Xms1024m -Xmx1024m -XX:ReservedCodeCacheSize=128m -XX:MaxMetaspaceSize=256m 
java_command: /usr/share/sbt/bin/sbt-launch.jar
java_class_path (initial): /usr/share/sbt/bin/sbt-launch.jar
Launcher Type: SUN_STANDARD

Environment Variables:
PATH=/usr/local/sbin:/usr/local/bin:/usr/sbin:/usr/bin:/sbin:/bin:/usr/games:/usr/local/games:/snap/bin
SHELL=/bin/bash
DISPLAY=:0.0

Signal Handlers:
SIGSEGV: [libjvm.so+0xaa6ab0], sa_mask[0]=11111111011111111101111111111110, sa_flags=SA_RESTART|SA_SIGINFO
SIGBUS: [libjvm.so+0xaa6ab0], sa_mask[0]=11111111011111111101111111111110, sa_flags=SA_RESTART|SA_SIGINFO
SIGFPE: [libjvm.so+0x8dded0], sa_mask[0]=11111111011111111101111111111110, sa_flags=SA_RESTART|SA_SIGINFO
SIGPIPE: [libjvm.so+0x8dded0], sa_mask[0]=11111111011111111101111111111110, sa_flags=SA_RESTART|SA_SIGINFO
SIGXFSZ: [libjvm.so+0x8dded0], sa_mask[0]=11111111011111111101111111111110, sa_flags=SA_RESTART|SA_SIGINFO
SIGILL: [libjvm.so+0x8dded0], sa_mask[0]=11111111011111111101111111111110, sa_flags=SA_RESTART|SA_SIGINFO
SIGUSR1: SIG_DFL, sa_mask[0]=00000000000000000000000000000000, sa_flags=none
SIGUSR2: [libjvm.so+0x8ddd80], sa_mask[0]=00000000000000000000000000000000, sa_flags=SA_RESTART|SA_SIGINFO
SIGHUP: SIG_DFL, sa_mask[0]=00000000000000000000000000000000, sa_flags=none
SIGINT: SIG_DFL, sa_mask[0]=00000000000000000000000000000000, sa_flags=none
SIGTERM: SIG_DFL, sa_mask[0]=00000000000000000000000000000000, sa_flags=none
SIGQUIT: SIG_DFL, sa_mask[0]=00000000000000000000000000000000, sa_flags=none


---------------  S Y S T E M  ---------------

OS:DISTRIB_ID=Ubuntu
DISTRIB_RELEASE=17.10
DISTRIB_CODENAME=artful
DISTRIB_DESCRIPTION="Ubuntu 17.10"

uname:Linux 4.13.0-16-generic #19-Ubuntu SMP Wed Oct 11 18:35:14 UTC 2017 x86_64
libc:glibc 2.26 NPTL 2.26 
rlimit: STACK 8192k, CORE 0k, NPROC 15582, NOFILE 1048576, AS infinity
load average:0.91 0.59 0.85

/proc/meminfo:
MemTotal:        4042936 kB
MemFree:          130080 kB
MemAvailable:     176440 kB
Buffers:           16752 kB
Cached:           239112 kB
SwapCached:        54632 kB
Active:          3049636 kB
Inactive:         708148 kB
Active(anon):    2917580 kB
Inactive(anon):   604656 kB
Active(file):     132056 kB
Inactive(file):   103492 kB
Unevictable:          32 kB
Mlocked:              32 kB
SwapTotal:       2097184 kB
SwapFree:         377336 kB
Dirty:                84 kB
Writeback:             0 kB
AnonPages:       3448040 kB
Mapped:           183052 kB
Shmem:             58940 kB
Slab:              58296 kB
SReclaimable:      27696 kB
SUnreclaim:        30600 kB
KernelStack:       11476 kB
PageTables:        49072 kB
NFS_Unstable:          0 kB
Bounce:                0 kB
WritebackTmp:          0 kB
CommitLimit:     4118652 kB
Committed_AS:   11527440 kB
VmallocTotal:   34359738367 kB
VmallocUsed:           0 kB
VmallocChunk:          0 kB
HardwareCorrupted:     0 kB
AnonHugePages:         0 kB
ShmemHugePages:        0 kB
ShmemPmdMapped:        0 kB
CmaTotal:              0 kB
CmaFree:               0 kB
HugePages_Total:       0
HugePages_Free:        0
HugePages_Rsvd:        0
HugePages_Surp:        0
Hugepagesize:       2048 kB
DirectMap4k:      110528 kB
DirectMap2M:     4083712 kB


CPU:total 2 (initial active 2) (2 cores per cpu, 1 threads per core) family 6 model 58 stepping 9, cmov, cx8, fxsr, mmx, sse, sse2, sse3, ssse3, sse4.1, sse4.2, popcnt, avx, aes, clmul, tsc, tscinvbit, tscinv

/proc/cpuinfo:
processor	: 0
vendor_id	: GenuineIntel
cpu family	: 6
model		: 58
model name	: Intel(R) Core(TM) i5-3470 CPU @ 3.20GHz
stepping	: 9
microcode	: 0x19
cpu MHz		: 3192.744
cache size	: 6144 KB
physical id	: 0
siblings	: 2
core id		: 0
cpu cores	: 2
apicid		: 0
initial apicid	: 0
fpu		: yes
fpu_exception	: yes
cpuid level	: 13
wp		: yes
flags		: fpu vme de pse tsc msr pae mce cx8 apic sep mtrr pge mca cmov pat pse36 clflush mmx fxsr sse sse2 ht syscall nx rdtscp lm constant_tsc rep_good nopl xtopology nonstop_tsc cpuid pni pclmulqdq ssse3 cx16 sse4_1 sse4_2 x2apic popcnt aes xsave avx rdrand hypervisor lahf_lm
bugs		:
bogomips	: 6385.48
clflush size	: 64
cache_alignment	: 64
address sizes	: 36 bits physical, 48 bits virtual
power management:

processor	: 1
vendor_id	: GenuineIntel
cpu family	: 6
model		: 58
model name	: Intel(R) Core(TM) i5-3470 CPU @ 3.20GHz
stepping	: 9
microcode	: 0x19
cpu MHz		: 3192.744
cache size	: 6144 KB
physical id	: 0
siblings	: 2
core id		: 1
cpu cores	: 2
apicid		: 1
initial apicid	: 1
fpu		: yes
fpu_exception	: yes
cpuid level	: 13
wp		: yes
flags		: fpu vme de pse tsc msr pae mce cx8 apic sep mtrr pge mca cmov pat pse36 clflush mmx fxsr sse sse2 ht syscall nx rdtscp lm constant_tsc rep_good nopl xtopology nonstop_tsc cpuid pni pclmulqdq ssse3 cx16 sse4_1 sse4_2 x2apic popcnt aes xsave avx rdrand hypervisor lahf_lm
bugs		:
bogomips	: 6385.48
clflush size	: 64
cache_alignment	: 64
address sizes	: 36 bits physical, 48 bits virtual
power management:



Memory: 4k page, physical 4042936k(130080k free), swap 2097184k(377336k free)

vm_info: OpenJDK 64-Bit Server VM (25.144-b01) for linux-amd64 JRE (1.8.0_144-8u144-b01-2-b01), built on Sep 30 2017 00:37:14 by "buildd" with gcc 7.2.0

time: Thu Apr 19 16:13:12 2018
elapsed time: 0 seconds (0d 0h 0m 0s)

