#
# There is insufficient memory for the Java Runtime Environment to continue.
# Native memory allocation (mmap) failed to map 716177408 bytes for committing reserved memory.
# Possible reasons:
#   The system is out of physical RAM or swap space
#   In 32 bit mode, the process size limit was hit
# Possible solutions:
#   Reduce memory load on the system
#   Increase physical memory or swap space
#   Check if swap backing store is full
#   Use 64 bit Java on a 64 bit OS
#   Decrease Java heap size (-Xmx/-Xms)
#   Decrease number of Java threads
#   Decrease Java thread stack sizes (-Xss)
#   Set larger code cache with -XX:ReservedCodeCacheSize=
# This output file may be truncated or incomplete.
#
#  Out of Memory Error (os_linux.cpp:2643), pid=32499, tid=0x00007f8ae9cc3700
#
# JRE version:  (8.0_144-b01) (build )
# Java VM: OpenJDK 64-Bit Server VM (25.144-b01 mixed mode linux-amd64 compressed oops)
# Failed to write core dump. Core dumps have been disabled. To enable core dumping, try "ulimit -c unlimited" before starting Java again
#

---------------  T H R E A D  ---------------

Current thread (0x00007f8ae000a800):  JavaThread "Unknown thread" [_thread_in_vm, id=32500, stack(0x00007f8ae9bc3000,0x00007f8ae9cc4000)]

Stack: [0x00007f8ae9bc3000,0x00007f8ae9cc4000],  sp=0x00007f8ae9cc25a0,  free space=1021k
Native frames: (J=compiled Java code, j=interpreted, Vv=VM code, C=native code)
V  [libjvm.so+0xaa6172]
V  [libjvm.so+0x4d6d67]
V  [libjvm.so+0x8e2730]
V  [libjvm.so+0x8dcd9e]
V  [libjvm.so+0x95cc06]
V  [libjvm.so+0x94cf3c]
V  [libjvm.so+0x2b29be]
V  [libjvm.so+0x909ea1]
V  [libjvm.so+0xa688fa]
V  [libjvm.so+0xa68be5]
V  [libjvm.so+0x6221cf]
V  [libjvm.so+0xa4c24b]
V  [libjvm.so+0x6a48e1]  JNI_CreateJavaVM+0x61
C  [libjli.so+0x2ce3]
C  [libjli.so+0x76ed]
C  [libpthread.so.0+0x77fc]  start_thread+0xdc


---------------  P R O C E S S  ---------------

Java Threads: ( => current thread )

Other Threads:

=>0x00007f8ae000a800 (exited) JavaThread "Unknown thread" [_thread_in_vm, id=32500, stack(0x00007f8ae9bc3000,0x00007f8ae9cc4000)]

VM state:not at safepoint (not fully initialized)

VM Mutex/Monitor currently owned by a thread: None

GC Heap History (0 events):
No events

Deoptimization events (0 events):
No events

Internal exceptions (0 events):
No events

Events (0 events):
No events


Dynamic libraries:
eab00000-100000000 rw-p 00000000 00:00 0 
560880a06000-560880a07000 r-xp 00000000 08:01 3017973                    /usr/lib/jvm/java-8-openjdk-amd64/jre/bin/java
560880c06000-560880c07000 r--p 00000000 08:01 3017973                    /usr/lib/jvm/java-8-openjdk-amd64/jre/bin/java
560880c07000-560880c08000 rw-p 00001000 08:01 3017973                    /usr/lib/jvm/java-8-openjdk-amd64/jre/bin/java
560880e44000-560880e65000 rw-p 00000000 00:00 0                          [heap]
7f8ad8000000-7f8ad8270000 rwxp 00000000 00:00 0 
7f8ad8270000-7f8ae0000000 ---p 00000000 00:00 0 
7f8ae0000000-7f8ae0031000 rw-p 00000000 00:00 0 
7f8ae0031000-7f8ae4000000 ---p 00000000 00:00 0 
7f8ae619b000-7f8ae62f0000 ---p 00000000 00:00 0 
7f8ae62f0000-7f8ae63a6000 rw-p 00000000 00:00 0 
7f8ae63a6000-7f8ae659c000 ---p 00000000 00:00 0 
7f8ae659c000-7f8ae65a4000 r-xp 00000000 08:01 3018025                    /usr/lib/jvm/java-8-openjdk-amd64/jre/lib/amd64/libzip.so
7f8ae65a4000-7f8ae67a3000 ---p 00008000 08:01 3018025                    /usr/lib/jvm/java-8-openjdk-amd64/jre/lib/amd64/libzip.so
7f8ae67a3000-7f8ae67a4000 r--p 00007000 08:01 3018025                    /usr/lib/jvm/java-8-openjdk-amd64/jre/lib/amd64/libzip.so
7f8ae67a4000-7f8ae67a5000 rw-p 00008000 08:01 3018025                    /usr/lib/jvm/java-8-openjdk-amd64/jre/lib/amd64/libzip.so
7f8ae67a5000-7f8ae67b0000 r-xp 00000000 08:01 2628917                    /lib/x86_64-linux-gnu/libnss_files-2.26.so
7f8ae67b0000-7f8ae69af000 ---p 0000b000 08:01 2628917                    /lib/x86_64-linux-gnu/libnss_files-2.26.so
7f8ae69af000-7f8ae69b0000 r--p 0000a000 08:01 2628917                    /lib/x86_64-linux-gnu/libnss_files-2.26.so
7f8ae69b0000-7f8ae69b1000 rw-p 0000b000 08:01 2628917                    /lib/x86_64-linux-gnu/libnss_files-2.26.so
7f8ae69b1000-7f8ae69b7000 rw-p 00000000 00:00 0 
7f8ae69b7000-7f8ae69c2000 r-xp 00000000 08:01 2628919                    /lib/x86_64-linux-gnu/libnss_nis-2.26.so
7f8ae69c2000-7f8ae6bc1000 ---p 0000b000 08:01 2628919                    /lib/x86_64-linux-gnu/libnss_nis-2.26.so
7f8ae6bc1000-7f8ae6bc2000 r--p 0000a000 08:01 2628919                    /lib/x86_64-linux-gnu/libnss_nis-2.26.so
7f8ae6bc2000-7f8ae6bc3000 rw-p 0000b000 08:01 2628919                    /lib/x86_64-linux-gnu/libnss_nis-2.26.so
7f8ae6bc3000-7f8ae6bda000 r-xp 00000000 08:01 2628914                    /lib/x86_64-linux-gnu/libnsl-2.26.so
7f8ae6bda000-7f8ae6dd9000 ---p 00017000 08:01 2628914                    /lib/x86_64-linux-gnu/libnsl-2.26.so
7f8ae6dd9000-7f8ae6dda000 r--p 00016000 08:01 2628914                    /lib/x86_64-linux-gnu/libnsl-2.26.so
7f8ae6dda000-7f8ae6ddb000 rw-p 00017000 08:01 2628914                    /lib/x86_64-linux-gnu/libnsl-2.26.so
7f8ae6ddb000-7f8ae6ddd000 rw-p 00000000 00:00 0 
7f8ae6ddd000-7f8ae6de5000 r-xp 00000000 08:01 2628915                    /lib/x86_64-linux-gnu/libnss_compat-2.26.so
7f8ae6de5000-7f8ae6fe4000 ---p 00008000 08:01 2628915                    /lib/x86_64-linux-gnu/libnss_compat-2.26.so
7f8ae6fe4000-7f8ae6fe5000 r--p 00007000 08:01 2628915                    /lib/x86_64-linux-gnu/libnss_compat-2.26.so
7f8ae6fe5000-7f8ae6fe6000 rw-p 00008000 08:01 2628915                    /lib/x86_64-linux-gnu/libnss_compat-2.26.so
7f8ae6fe6000-7f8ae7013000 r-xp 00000000 08:01 3018002                    /usr/lib/jvm/java-8-openjdk-amd64/jre/lib/amd64/libjava.so
7f8ae7013000-7f8ae7213000 ---p 0002d000 08:01 3018002                    /usr/lib/jvm/java-8-openjdk-amd64/jre/lib/amd64/libjava.so
7f8ae7213000-7f8ae7214000 r--p 0002d000 08:01 3018002                    /usr/lib/jvm/java-8-openjdk-amd64/jre/lib/amd64/libjava.so
7f8ae7214000-7f8ae7216000 rw-p 0002e000 08:01 3018002                    /usr/lib/jvm/java-8-openjdk-amd64/jre/lib/amd64/libjava.so
7f8ae7216000-7f8ae7226000 r-xp 00000000 08:01 3018024                    /usr/lib/jvm/java-8-openjdk-amd64/jre/lib/amd64/libverify.so
7f8ae7226000-7f8ae7425000 ---p 00010000 08:01 3018024                    /usr/lib/jvm/java-8-openjdk-amd64/jre/lib/amd64/libverify.so
7f8ae7425000-7f8ae7427000 r--p 0000f000 08:01 3018024                    /usr/lib/jvm/java-8-openjdk-amd64/jre/lib/amd64/libverify.so
7f8ae7427000-7f8ae7428000 rw-p 00011000 08:01 3018024                    /usr/lib/jvm/java-8-openjdk-amd64/jre/lib/amd64/libverify.so
7f8ae7428000-7f8ae742f000 r-xp 00000000 08:01 2628924                    /lib/x86_64-linux-gnu/librt-2.26.so
7f8ae742f000-7f8ae762e000 ---p 00007000 08:01 2628924                    /lib/x86_64-linux-gnu/librt-2.26.so
7f8ae762e000-7f8ae762f000 r--p 00006000 08:01 2628924                    /lib/x86_64-linux-gnu/librt-2.26.so
7f8ae762f000-7f8ae7630000 rw-p 00007000 08:01 2628924                    /lib/x86_64-linux-gnu/librt-2.26.so
7f8ae7630000-7f8ae7646000 r-xp 00000000 08:01 2621533                    /lib/x86_64-linux-gnu/libgcc_s.so.1
7f8ae7646000-7f8ae7845000 ---p 00016000 08:01 2621533                    /lib/x86_64-linux-gnu/libgcc_s.so.1
7f8ae7845000-7f8ae7846000 r--p 00015000 08:01 2621533                    /lib/x86_64-linux-gnu/libgcc_s.so.1
7f8ae7846000-7f8ae7847000 rw-p 00016000 08:01 2621533                    /lib/x86_64-linux-gnu/libgcc_s.so.1
7f8ae7847000-7f8ae799c000 r-xp 00000000 08:01 2628911                    /lib/x86_64-linux-gnu/libm-2.26.so
7f8ae799c000-7f8ae7b9b000 ---p 00155000 08:01 2628911                    /lib/x86_64-linux-gnu/libm-2.26.so
7f8ae7b9b000-7f8ae7b9c000 r--p 00154000 08:01 2628911                    /lib/x86_64-linux-gnu/libm-2.26.so
7f8ae7b9c000-7f8ae7b9d000 rw-p 00155000 08:01 2628911                    /lib/x86_64-linux-gnu/libm-2.26.so
7f8ae7b9d000-7f8ae7d15000 r-xp 00000000 08:01 3015429                    /usr/lib/x86_64-linux-gnu/libstdc++.so.6.0.24
7f8ae7d15000-7f8ae7f14000 ---p 00178000 08:01 3015429                    /usr/lib/x86_64-linux-gnu/libstdc++.so.6.0.24
7f8ae7f14000-7f8ae7f1e000 r--p 00177000 08:01 3015429                    /usr/lib/x86_64-linux-gnu/libstdc++.so.6.0.24
7f8ae7f1e000-7f8ae7f20000 rw-p 00181000 08:01 3015429                    /usr/lib/x86_64-linux-gnu/libstdc++.so.6.0.24
7f8ae7f20000-7f8ae7f23000 rw-p 00000000 00:00 0 
7f8ae7f23000-7f8ae8bad000 r-xp 00000000 08:01 3018027                    /usr/lib/jvm/java-8-openjdk-amd64/jre/lib/amd64/server/libjvm.so
7f8ae8bad000-7f8ae8dad000 ---p 00c8a000 08:01 3018027                    /usr/lib/jvm/java-8-openjdk-amd64/jre/lib/amd64/server/libjvm.so
7f8ae8dad000-7f8ae8e40000 r--p 00c8a000 08:01 3018027                    /usr/lib/jvm/java-8-openjdk-amd64/jre/lib/amd64/server/libjvm.so
7f8ae8e40000-7f8ae8e68000 rw-p 00d1d000 08:01 3018027                    /usr/lib/jvm/java-8-openjdk-amd64/jre/lib/amd64/server/libjvm.so
7f8ae8e68000-7f8ae8e99000 rw-p 00000000 00:00 0 
7f8ae8e99000-7f8ae8eb3000 r-xp 00000000 08:01 2628922                    /lib/x86_64-linux-gnu/libpthread-2.26.so
7f8ae8eb3000-7f8ae90b2000 ---p 0001a000 08:01 2628922                    /lib/x86_64-linux-gnu/libpthread-2.26.so
7f8ae90b2000-7f8ae90b3000 r--p 00019000 08:01 2628922                    /lib/x86_64-linux-gnu/libpthread-2.26.so
7f8ae90b3000-7f8ae90b4000 rw-p 0001a000 08:01 2628922                    /lib/x86_64-linux-gnu/libpthread-2.26.so
7f8ae90b4000-7f8ae90b8000 rw-p 00000000 00:00 0 
7f8ae90b8000-7f8ae90bb000 r-xp 00000000 08:01 2628901                    /lib/x86_64-linux-gnu/libdl-2.26.so
7f8ae90bb000-7f8ae92ba000 ---p 00003000 08:01 2628901                    /lib/x86_64-linux-gnu/libdl-2.26.so
7f8ae92ba000-7f8ae92bb000 r--p 00002000 08:01 2628901                    /lib/x86_64-linux-gnu/libdl-2.26.so
7f8ae92bb000-7f8ae92bc000 rw-p 00003000 08:01 2628901                    /lib/x86_64-linux-gnu/libdl-2.26.so
7f8ae92bc000-7f8ae92d8000 r-xp 00000000 08:01 2628928                    /lib/x86_64-linux-gnu/libz.so.1.2.11
7f8ae92d8000-7f8ae94d7000 ---p 0001c000 08:01 2628928                    /lib/x86_64-linux-gnu/libz.so.1.2.11
7f8ae94d7000-7f8ae94d8000 r--p 0001b000 08:01 2628928                    /lib/x86_64-linux-gnu/libz.so.1.2.11
7f8ae94d8000-7f8ae94d9000 rw-p 0001c000 08:01 2628928                    /lib/x86_64-linux-gnu/libz.so.1.2.11
7f8ae94d9000-7f8ae96af000 r-xp 00000000 08:01 2628898                    /lib/x86_64-linux-gnu/libc-2.26.so
7f8ae96af000-7f8ae98af000 ---p 001d6000 08:01 2628898                    /lib/x86_64-linux-gnu/libc-2.26.so
7f8ae98af000-7f8ae98b3000 r--p 001d6000 08:01 2628898                    /lib/x86_64-linux-gnu/libc-2.26.so
7f8ae98b3000-7f8ae98b5000 rw-p 001da000 08:01 2628898                    /lib/x86_64-linux-gnu/libc-2.26.so
7f8ae98b5000-7f8ae98b9000 rw-p 00000000 00:00 0 
7f8ae98b9000-7f8ae98c7000 r-xp 00000000 08:01 3017986                    /usr/lib/jvm/java-8-openjdk-amd64/jre/lib/amd64/jli/libjli.so
7f8ae98c7000-7f8ae9ac6000 ---p 0000e000 08:01 3017986                    /usr/lib/jvm/java-8-openjdk-amd64/jre/lib/amd64/jli/libjli.so
7f8ae9ac6000-7f8ae9ac7000 r--p 0000d000 08:01 3017986                    /usr/lib/jvm/java-8-openjdk-amd64/jre/lib/amd64/jli/libjli.so
7f8ae9ac7000-7f8ae9ac8000 rw-p 0000e000 08:01 3017986                    /usr/lib/jvm/java-8-openjdk-amd64/jre/lib/amd64/jli/libjli.so
7f8ae9ac8000-7f8ae9aef000 r-xp 00000000 08:01 2626489                    /lib/x86_64-linux-gnu/ld-2.26.so
7f8ae9bc3000-7f8ae9bc6000 ---p 00000000 00:00 0 
7f8ae9bc6000-7f8ae9cc9000 rw-p 00000000 00:00 0 
7f8ae9ce2000-7f8ae9cea000 rw-s 00000000 08:01 2490499                    /tmp/hsperfdata_wdd/32499
7f8ae9cea000-7f8ae9ceb000 rw-p 00000000 00:00 0 
7f8ae9ceb000-7f8ae9cec000 r--p 00000000 00:00 0 
7f8ae9cec000-7f8ae9cef000 rw-p 00000000 00:00 0 
7f8ae9cef000-7f8ae9cf0000 r--p 00027000 08:01 2626489                    /lib/x86_64-linux-gnu/ld-2.26.so
7f8ae9cf0000-7f8ae9cf1000 rw-p 00028000 08:01 2626489                    /lib/x86_64-linux-gnu/ld-2.26.so
7f8ae9cf1000-7f8ae9cf2000 rw-p 00000000 00:00 0 
7ffe1b24a000-7ffe1b26b000 rw-p 00000000 00:00 0                          [stack]
7ffe1b390000-7ffe1b393000 r--p 00000000 00:00 0                          [vvar]
7ffe1b393000-7ffe1b395000 r-xp 00000000 00:00 0                          [vdso]
ffffffffff600000-ffffffffff601000 r-xp 00000000 00:00 0                  [vsyscall]

VM Arguments:
jvm_args: -Xms1024m -Xmx1024m -XX:ReservedCodeCacheSize=128m -XX:MaxMetaspaceSize=256m 
java_command: /usr/share/sbt/bin/sbt-launch.jar
java_class_path (initial): /usr/share/sbt/bin/sbt-launch.jar
Launcher Type: SUN_STANDARD

Environment Variables:
PATH=/usr/local/sbin:/usr/local/bin:/usr/sbin:/usr/bin:/sbin:/bin:/usr/games:/usr/local/games:/snap/bin
SHELL=/bin/bash
DISPLAY=:0.0

Signal Handlers:
SIGSEGV: [libjvm.so+0xaa6ab0], sa_mask[0]=11111111011111111101111111111110, sa_flags=SA_RESTART|SA_SIGINFO
SIGBUS: [libjvm.so+0xaa6ab0], sa_mask[0]=11111111011111111101111111111110, sa_flags=SA_RESTART|SA_SIGINFO
SIGFPE: [libjvm.so+0x8dded0], sa_mask[0]=11111111011111111101111111111110, sa_flags=SA_RESTART|SA_SIGINFO
SIGPIPE: [libjvm.so+0x8dded0], sa_mask[0]=11111111011111111101111111111110, sa_flags=SA_RESTART|SA_SIGINFO
SIGXFSZ: [libjvm.so+0x8dded0], sa_mask[0]=11111111011111111101111111111110, sa_flags=SA_RESTART|SA_SIGINFO
SIGILL: [libjvm.so+0x8dded0], sa_mask[0]=11111111011111111101111111111110, sa_flags=SA_RESTART|SA_SIGINFO
SIGUSR1: SIG_DFL, sa_mask[0]=00000000000000000000000000000000, sa_flags=none
SIGUSR2: [libjvm.so+0x8ddd80], sa_mask[0]=00000000000000000000000000000000, sa_flags=SA_RESTART|SA_SIGINFO
SIGHUP: SIG_DFL, sa_mask[0]=00000000000000000000000000000000, sa_flags=none
SIGINT: SIG_DFL, sa_mask[0]=00000000000000000000000000000000, sa_flags=none
SIGTERM: SIG_DFL, sa_mask[0]=00000000000000000000000000000000, sa_flags=none
SIGQUIT: SIG_DFL, sa_mask[0]=00000000000000000000000000000000, sa_flags=none


---------------  S Y S T E M  ---------------

OS:DISTRIB_ID=Ubuntu
DISTRIB_RELEASE=17.10
DISTRIB_CODENAME=artful
DISTRIB_DESCRIPTION="Ubuntu 17.10"

uname:Linux 4.13.0-16-generic #19-Ubuntu SMP Wed Oct 11 18:35:14 UTC 2017 x86_64
libc:glibc 2.26 NPTL 2.26 
rlimit: STACK 8192k, CORE 0k, NPROC 15582, NOFILE 1048576, AS infinity
load average:0.45 0.46 0.81

/proc/meminfo:
MemTotal:        4042936 kB
MemFree:          123688 kB
MemAvailable:     190772 kB
Buffers:           12700 kB
Cached:           244776 kB
SwapCached:        50248 kB
Active:          3040204 kB
Inactive:         723488 kB
Active(anon):    2919068 kB
Inactive(anon):   588400 kB
Active(file):     121136 kB
Inactive(file):   135088 kB
Unevictable:          32 kB
Mlocked:              32 kB
SwapTotal:       2097184 kB
SwapFree:         354552 kB
Dirty:               132 kB
Writeback:             0 kB
AnonPages:       3456544 kB
Mapped:           184164 kB
Shmem:             58652 kB
Slab:              58308 kB
SReclaimable:      27788 kB
SUnreclaim:        30520 kB
KernelStack:       11420 kB
PageTables:        49064 kB
NFS_Unstable:          0 kB
Bounce:                0 kB
WritebackTmp:          0 kB
CommitLimit:     4118652 kB
Committed_AS:   11519864 kB
VmallocTotal:   34359738367 kB
VmallocUsed:           0 kB
VmallocChunk:          0 kB
HardwareCorrupted:     0 kB
AnonHugePages:         0 kB
ShmemHugePages:        0 kB
ShmemPmdMapped:        0 kB
CmaTotal:              0 kB
CmaFree:               0 kB
HugePages_Total:       0
HugePages_Free:        0
HugePages_Rsvd:        0
HugePages_Surp:        0
Hugepagesize:       2048 kB
DirectMap4k:      110528 kB
DirectMap2M:     4083712 kB


CPU:total 2 (initial active 2) (2 cores per cpu, 1 threads per core) family 6 model 58 stepping 9, cmov, cx8, fxsr, mmx, sse, sse2, sse3, ssse3, sse4.1, sse4.2, popcnt, avx, aes, clmul, tsc, tscinvbit, tscinv

/proc/cpuinfo:
processor	: 0
vendor_id	: GenuineIntel
cpu family	: 6
model		: 58
model name	: Intel(R) Core(TM) i5-3470 CPU @ 3.20GHz
stepping	: 9
microcode	: 0x19
cpu MHz		: 3192.744
cache size	: 6144 KB
physical id	: 0
siblings	: 2
core id		: 0
cpu cores	: 2
apicid		: 0
initial apicid	: 0
fpu		: yes
fpu_exception	: yes
cpuid level	: 13
wp		: yes
flags		: fpu vme de pse tsc msr pae mce cx8 apic sep mtrr pge mca cmov pat pse36 clflush mmx fxsr sse sse2 ht syscall nx rdtscp lm constant_tsc rep_good nopl xtopology nonstop_tsc cpuid pni pclmulqdq ssse3 cx16 sse4_1 sse4_2 x2apic popcnt aes xsave avx rdrand hypervisor lahf_lm
bugs		:
bogomips	: 6385.48
clflush size	: 64
cache_alignment	: 64
address sizes	: 36 bits physical, 48 bits virtual
power management:

processor	: 1
vendor_id	: GenuineIntel
cpu family	: 6
model		: 58
model name	: Intel(R) Core(TM) i5-3470 CPU @ 3.20GHz
stepping	: 9
microcode	: 0x19
cpu MHz		: 3192.744
cache size	: 6144 KB
physical id	: 0
siblings	: 2
core id		: 1
cpu cores	: 2
apicid		: 1
initial apicid	: 1
fpu		: yes
fpu_exception	: yes
cpuid level	: 13
wp		: yes
flags		: fpu vme de pse tsc msr pae mce cx8 apic sep mtrr pge mca cmov pat pse36 clflush mmx fxsr sse sse2 ht syscall nx rdtscp lm constant_tsc rep_good nopl xtopology nonstop_tsc cpuid pni pclmulqdq ssse3 cx16 sse4_1 sse4_2 x2apic popcnt aes xsave avx rdrand hypervisor lahf_lm
bugs		:
bogomips	: 6385.48
clflush size	: 64
cache_alignment	: 64
address sizes	: 36 bits physical, 48 bits virtual
power management:



Memory: 4k page, physical 4042936k(124712k free), swap 2097184k(354552k free)

vm_info: OpenJDK 64-Bit Server VM (25.144-b01) for linux-amd64 JRE (1.8.0_144-8u144-b01-2-b01), built on Sep 30 2017 00:37:14 by "buildd" with gcc 7.2.0

time: Thu Apr 19 16:12:40 2018
elapsed time: 0 seconds (0d 0h 0m 0s)

